<?xml version="1.0" encoding="UTF-8"?>
<testng-results skipped="0" failed="0" ignored="0" total="1" passed="1">
  <reporter-output>
  </reporter-output>
  <suite name="Suite" duration-ms="22890" started-at="2019-11-11T07:52:06Z" finished-at="2019-11-11T07:52:29Z">
    <groups>
    </groups>
    <test name="Test" duration-ms="22890" started-at="2019-11-11T07:52:06Z" finished-at="2019-11-11T07:52:29Z">
      <class name="com.winium.demo.WordPad">
        <test-method status="PASS" signature="wordPad()[pri:0, instance:com.winium.demo.WordPad@29ee9faa]" name="wordPad" duration-ms="22853" started-at="2019-11-11T13:22:06Z" finished-at="2019-11-11T13:22:29Z">
          <reporter-output>
          </reporter-output>
        </test-method> <!-- wordPad -->
      </class> <!-- com.winium.demo.WordPad -->
    </test> <!-- Test -->
  </suite> <!-- Suite -->
</testng-results>
